<?xml version="1.0" encoding="UTF-8"?>
<!-- Generated by org.testng.reporters.JUnitXMLReporter -->
<testsuite hostname="user" ignored="0" name="Default test" tests="3" failures="0" timestamp="2020-10-02T18:33:30 IST" time="16.1" errors="0">
  <testcase name="@BeforeTest setuptest" time="13.534" classname="utils.ExcelDataProvider">
    <failure type="org.openqa.selenium.SessionNotCreatedException" message="session not created: This version of ChromeDriver only supports Chrome version 83
Build info: version: &amp;apos;3.141.59&amp;apos;, revision: &amp;apos;e82be7d358&amp;apos;, time: &amp;apos;2018-11-14T08:17:03&amp;apos;
System info: host: &amp;apos;USER&amp;apos;, ip: &amp;apos;192.168.0.101&amp;apos;, os.name: &amp;apos;Windows 8.1&amp;apos;, os.arch: &amp;apos;amd64&amp;apos;, os.version: &amp;apos;6.3&amp;apos;, java.version: &amp;apos;1.8.0_152&amp;apos;
Driver info: driver.version: ChromeDriver
remote stacktrace: Backtrace:
	Ordinal0 [0x00C09563+2725219]
	Ordinal0 [0x00B08551+1672529]
	Ordinal0 [0x009F0359+525145]
	Ordinal0 [0x00980B77+68471]
	Ordinal0 [0x0097D32C+54060]
	Ordinal0 [0x0099CC37+183351]
	Ordinal0 [0x0099CA3D+182845]
	Ordinal0 [0x0099A94B+174411]
	Ordinal0 [0x00982528+75048]
	Ordinal0 [0x009835A0+79264]
	Ordinal0 [0x00983539+79161]
	Ordinal0 [0x00B1D607+1758727]
	GetHandleVerifier [0x00D26546+1050150]
	GetHandleVerifier [0x00D26291+1049457]
	GetHandleVerifier [0x00D310D7+1094071]
	GetHandleVerifier [0x00D26B46+1051686]
	Ordinal0 [0x00B15B06+1727238]
	Ordinal0 [0x00B1EB7B+1764219]
	Ordinal0 [0x00B1ECE3+1764579]
	Ordinal0 [0x00B34C05+1854469]
	BaseThreadInitThunk [0x76CD6A14+36]
	RtlInitializeExceptionChain [0x7770AB4F+143]
	RtlInitializeExceptionChain [0x7770AB1A+90]
">
      <![CDATA[org.openqa.selenium.SessionNotCreatedException: session not created: This version of ChromeDriver only supports Chrome version 83
Build info: version: '3.141.59', revision: 'e82be7d358', time: '2018-11-14T08:17:03'
System info: host: 'USER', ip: '192.168.0.101', os.name: 'Windows 8.1', os.arch: 'amd64', os.version: '6.3', java.version: '1.8.0_152'
Driver info: driver.version: ChromeDriver
remote stacktrace: Backtrace:
Ordinal0 [0x00C09563+2725219]
Ordinal0 [0x00B08551+1672529]
Ordinal0 [0x009F0359+525145]
Ordinal0 [0x00980B77+68471]
Ordinal0 [0x0097D32C+54060]
Ordinal0 [0x0099CC37+183351]
Ordinal0 [0x0099CA3D+182845]
Ordinal0 [0x0099A94B+174411]
Ordinal0 [0x00982528+75048]
Ordinal0 [0x009835A0+79264]
Ordinal0 [0x00983539+79161]
Ordinal0 [0x00B1D607+1758727]
GetHandleVerifier [0x00D26546+1050150]
GetHandleVerifier [0x00D26291+1049457]
GetHandleVerifier [0x00D310D7+1094071]
GetHandleVerifier [0x00D26B46+1051686]
Ordinal0 [0x00B15B06+1727238]
Ordinal0 [0x00B1EB7B+1764219]
Ordinal0 [0x00B1ECE3+1764579]
Ordinal0 [0x00B34C05+1854469]
BaseThreadInitThunk [0x76CD6A14+36]
RtlInitializeExceptionChain [0x7770AB4F+143]
RtlInitializeExceptionChain [0x7770AB1A+90]

at sun.reflect.NativeConstructorAccessorImpl.newInstance0(Native Method)
at sun.reflect.NativeConstructorAccessorImpl.newInstance(Unknown Source)
at sun.reflect.DelegatingConstructorAccessorImpl.newInstance(Unknown Source)
at java.lang.reflect.Constructor.newInstance(Unknown Source)
at org.openqa.selenium.remote.W3CHandshakeResponse.lambda$errorHandler$0(W3CHandshakeResponse.java:62)
at org.openqa.selenium.remote.HandshakeResponse.lambda$getResponseFunction$0(HandshakeResponse.java:30)
at org.openqa.selenium.remote.ProtocolHandshake.lambda$createSession$0(ProtocolHandshake.java:126)
at java.util.stream.ReferencePipeline$3$1.accept(Unknown Source)
at java.util.Spliterators$ArraySpliterator.tryAdvance(Unknown Source)
at java.util.stream.ReferencePipeline.forEachWithCancel(Unknown Source)
at java.util.stream.AbstractPipeline.copyIntoWithCancel(Unknown Source)
at java.util.stream.AbstractPipeline.copyInto(Unknown Source)
at java.util.stream.AbstractPipeline.wrapAndCopyInto(Unknown Source)
at java.util.stream.FindOps$FindOp.evaluateSequential(Unknown Source)
at java.util.stream.AbstractPipeline.evaluate(Unknown Source)
at java.util.stream.ReferencePipeline.findFirst(Unknown Source)
at org.openqa.selenium.remote.ProtocolHandshake.createSession(ProtocolHandshake.java:128)
at org.openqa.selenium.remote.ProtocolHandshake.createSession(ProtocolHandshake.java:74)
at org.openqa.selenium.remote.HttpCommandExecutor.execute(HttpCommandExecutor.java:136)
at org.openqa.selenium.remote.service.DriverCommandExecutor.execute(DriverCommandExecutor.java:83)
at org.openqa.selenium.remote.RemoteWebDriver.execute(RemoteWebDriver.java:552)
at org.openqa.selenium.remote.RemoteWebDriver.startSession(RemoteWebDriver.java:213)
at org.openqa.selenium.remote.RemoteWebDriver.<init>(RemoteWebDriver.java:131)
at org.openqa.selenium.chrome.ChromeDriver.<init>(ChromeDriver.java:181)
at org.openqa.selenium.chrome.ChromeDriver.<init>(ChromeDriver.java:168)
at org.openqa.selenium.chrome.ChromeDriver.<init>(ChromeDriver.java:157)
at utils.ExcelDataProvider.setuptest(ExcelDataProvider.java:21)
at sun.reflect.NativeMethodAccessorImpl.invoke0(Native Method)
at sun.reflect.NativeMethodAccessorImpl.invoke(Unknown Source)
at sun.reflect.DelegatingMethodAccessorImpl.invoke(Unknown Source)
at java.lang.reflect.Method.invoke(Unknown Source)
at org.testng.internal.MethodInvocationHelper.invokeMethod(MethodInvocationHelper.java:134)
at org.testng.internal.MethodInvocationHelper.invokeMethodConsideringTimeout(MethodInvocationHelper.java:63)
at org.testng.internal.ConfigInvoker.invokeConfigurationMethod(ConfigInvoker.java:348)
at org.testng.internal.ConfigInvoker.invokeConfigurations(ConfigInvoker.java:302)
at org.testng.TestRunner.invokeTestConfigurations(TestRunner.java:619)
at org.testng.TestRunner.beforeRun(TestRunner.java:609)
at org.testng.TestRunner.run(TestRunner.java:580)
at org.testng.SuiteRunner.runTest(SuiteRunner.java:384)
at org.testng.SuiteRunner.runSequentially(SuiteRunner.java:378)
at org.testng.SuiteRunner.privateRun(SuiteRunner.java:337)
at org.testng.SuiteRunner.run(SuiteRunner.java:286)
at org.testng.SuiteRunnerWorker.runSuite(SuiteRunnerWorker.java:53)
at org.testng.SuiteRunnerWorker.run(SuiteRunnerWorker.java:96)
at org.testng.TestNG.runSuitesSequentially(TestNG.java:1187)
at org.testng.TestNG.runSuitesLocally(TestNG.java:1109)
at org.testng.TestNG.runSuites(TestNG.java:1039)
at org.testng.TestNG.run(TestNG.java:1007)
at org.testng.remote.AbstractRemoteTestNG.run(AbstractRemoteTestNG.java:115)
at org.testng.remote.RemoteTestNG.initAndRun(RemoteTestNG.java:251)
at org.testng.remote.RemoteTestNG.main(RemoteTestNG.java:77)
]]>
    </failure>
  </testcase> <!-- @BeforeTest setuptest -->
  <testcase name="test1" time="0.0" classname="utils.ExcelDataProvider">
    <skipped/>
  </testcase> <!-- test1 -->
  <testcase name="test1" time="0.0" classname="utils.ExcelDataProvider">
    <skipped/>
  </testcase> <!-- test1 -->
  <testcase name="test1" time="0.0" classname="utils.ExcelDataProvider">
    <skipped/>
  </testcase> <!-- test1 -->
</testsuite> <!-- Default test -->
